<?xml version="1.0" encoding="UTF-8"?>
<!-- Generated by org.testng.reporters.JUnitXMLReporter -->
<testsuite hostname="LAPTOP-G5N4TP14" ignored="0" name="SugarCRM Application Testcases" tests="3" failures="0" timestamp="04 Aug 2018 07:42:21 GMT" time="42.03" errors="0">
  <testcase name="verifyLoginPageTitleTest" time="0.036" classname="com.sugarcrm.testcases.LoginPageTest"/>
  <testcase name="verifyCompanyLogoTest" time="0.119" classname="com.sugarcrm.testcases.LoginPageTest"/>
  <testcase name="loginTest" time="8.341" classname="com.sugarcrm.testcases.LoginPageTest"/>
</testsuite> <!-- SugarCRM Application Testcases -->
