<?xml version="1.0" encoding="UTF-8"?>
<!-- Generated by org.testng.reporters.JUnitXMLReporter -->
<testsuite hostname="LAPTOP-G5N4TP14" ignored="0" name="SugarCRM Application Testcases" tests="5" failures="0" timestamp="11 Jul 2018 09:06:17 GMT" time="110.713" errors="0">
  <testcase name="loginTest" time="9.536" classname="com.sugarcrm.testcases.LoginPageTest"/>
  <testcase name="verifyLoginPageTitleTest" time="0.024" classname="com.sugarcrm.testcases.LoginPageTest"/>
  <testcase name="verifyPageTitleTest" time="0.022" classname="com.sugarcrm.testcases.HomepageTest"/>
  <testcase name="createLeadsTest" time="6.299" classname="com.sugarcrm.testcases.LeadsPageTest"/>
  <testcase name="verifyCompanyLogoTest" time="0.057" classname="com.sugarcrm.testcases.LoginPageTest"/>
</testsuite> <!-- SugarCRM Application Testcases -->
