<?xml version="1.0" encoding="UTF-8"?>
<!-- Generated by org.testng.reporters.JUnitXMLReporter -->
<testsuite hostname="LAPTOP-G5N4TP14" ignored="0" name="Command line test" tests="3" failures="0" timestamp="11 Jul 2018 11:55:22 GMT" time="113.768" errors="0">
  <testcase name="loginTest" time="9.891" classname="com.sugarcrm.testcases.LoginPageTest"/>
  <testcase name="verifyPageTitleTest" time="0.026" classname="com.sugarcrm.testcases.HomepageTest"/>
  <testcase name="createLeadsTest" time="7.82" classname="com.sugarcrm.testcases.LeadsPageTest"/>
</testsuite> <!-- Command line test -->
