<?xml version="1.0" encoding="UTF-8"?>
<testng-results skipped="0" failed="0" ignored="0" total="1" passed="1">
  <reporter-output>
  </reporter-output>
  <suite name="Default suite" duration-ms="29987" started-at="2018-07-13T11:14:53Z" finished-at="2018-07-13T11:15:23Z">
    <groups>
    </groups>
    <test name="Default test" duration-ms="29987" started-at="2018-07-13T11:14:53Z" finished-at="2018-07-13T11:15:23Z">
      <class name="com.sugarcrm.testcases.ProjectsPageTest">
        <test-method status="PASS" signature="setUp()[pri:0, instance:com.sugarcrm.testcases.ProjectsPageTest@13deb50e]" name="setUp" is-config="true" duration-ms="19373" started-at="2018-07-13T11:14:54Z" finished-at="2018-07-13T11:15:13Z">
          <reporter-output>
          </reporter-output>
        </test-method> <!-- setUp -->
        <test-method status="PASS" signature="createProjectsTest(java.lang.String, java.lang.String, java.lang.String, java.lang.String, java.lang.String)[pri:1, instance:com.sugarcrm.testcases.ProjectsPageTest@13deb50e]" name="createProjectsTest" duration-ms="9631" started-at="2018-07-13T11:15:13Z" data-provider="testdata" finished-at="2018-07-13T11:15:23Z">
          <params>
            <param index="0">
              <value>
                <![CDATA[Automation Testing]]>
              </value>
            </param>
            <param index="1">
              <value>
                <![CDATA[In Review]]>
              </value>
            </param>
            <param index="2">
              <value>
                <![CDATA[high]]>
              </value>
            </param>
            <param index="3">
              <value>
                <![CDATA[07/11/2018]]>
              </value>
            </param>
            <param index="4">
              <value>
                <![CDATA[07/15/2018]]>
              </value>
            </param>
          </params>
          <reporter-output>
          </reporter-output>
        </test-method> <!-- createProjectsTest -->
      </class> <!-- com.sugarcrm.testcases.ProjectsPageTest -->
    </test> <!-- Default test -->
  </suite> <!-- Default suite -->
</testng-results>
