<?xml version="1.0" encoding="UTF-8"?>
<!-- Generated by org.testng.reporters.JUnitXMLReporter -->
<testsuite hostname="LAPTOP-G5N4TP14" ignored="0" name="Default test" tests="3" failures="0" timestamp="13 Jul 2018 11:47:59 GMT" time="44.95" errors="0">
  <testcase name="verifyLoginPageTitleTest" time="0.028" classname="com.sugarcrm.testcases.LoginPageTest"/>
  <testcase name="verifyCompanyLogoTest" time="0.06" classname="com.sugarcrm.testcases.LoginPageTest"/>
  <testcase name="loginTest" time="8.486" classname="com.sugarcrm.testcases.LoginPageTest"/>
</testsuite> <!-- Default test -->
